-------------------------------------------------------------------------------
Test set: com.WMS_spiders_wholesale_system.CustomerServiceTest
-------------------------------------------------------------------------------
Tests run: 12, Failures: 2, Errors: 1, Skipped: 0, Time elapsed: 0.613 s <<< FAILURE! -- in com.WMS_spiders_wholesale_system.CustomerServiceTest
com.WMS_spiders_wholesale_system.CustomerServiceTest.shouldUpdateCustomerSuccessfully -- Time elapsed: 0.573 s <<< ERROR!
java.util.NoSuchElementException: No value present
	at java.base/java.util.Optional.orElseThrow(Optional.java:377)
	at com.WMS_spiders_wholesale_system.service.CustomerService.updateCustomer(CustomerService.java:43)
	at com.WMS_spiders_wholesale_system.CustomerServiceTest.shouldUpdateCustomerSuccessfully(CustomerServiceTest.java:64)
	at java.base/java.lang.reflect.Method.invoke(Method.java:565)
	at java.base/java.util.ArrayList.forEach(ArrayList.java:1604)
	at java.base/java.util.ArrayList.forEach(ArrayList.java:1604)

com.WMS_spiders_wholesale_system.CustomerServiceTest.shouldValidateCorrectCustomer -- Time elapsed: 0.005 s <<< FAILURE!
org.opentest4j.AssertionFailedError: Unexpected exception thrown: java.lang.NoSuchMethodException: com.WMS_spiders_wholesale_system.service.CustomerService.validateCustomer(com.WMS_spiders_wholesale_system.entity.Customer)
	at org.junit.jupiter.api.AssertionFailureBuilder.build(AssertionFailureBuilder.java:152)
	at org.junit.jupiter.api.AssertDoesNotThrow.createAssertionFailedError(AssertDoesNotThrow.java:84)
	at org.junit.jupiter.api.AssertDoesNotThrow.assertDoesNotThrow(AssertDoesNotThrow.java:53)
	at org.junit.jupiter.api.AssertDoesNotThrow.assertDoesNotThrow(AssertDoesNotThrow.java:36)
	at org.junit.jupiter.api.Assertions.assertDoesNotThrow(Assertions.java:3199)
	at com.WMS_spiders_wholesale_system.CustomerServiceTest.shouldValidateCorrectCustomer(CustomerServiceTest.java:161)
	at java.base/java.lang.reflect.Method.invoke(Method.java:565)
	at java.base/java.util.ArrayList.forEach(ArrayList.java:1604)
	at java.base/java.util.ArrayList.forEach(ArrayList.java:1604)
Caused by: java.lang.NoSuchMethodException: com.WMS_spiders_wholesale_system.service.CustomerService.validateCustomer(com.WMS_spiders_wholesale_system.entity.Customer)
	at java.base/java.lang.Class.getDeclaredMethod(Class.java:2424)
	at com.WMS_spiders_wholesale_system.CustomerServiceTest.lambda$shouldValidateCorrectCustomer$0(CustomerServiceTest.java:163)
	at org.junit.jupiter.api.AssertDoesNotThrow.assertDoesNotThrow(AssertDoesNotThrow.java:49)
	... 6 more

com.WMS_spiders_wholesale_system.CustomerServiceTest.shouldThrowExceptionForInvalidCustomer -- Time elapsed: 0.002 s <<< FAILURE!
org.opentest4j.AssertionFailedError: Unexpected exception type thrown, expected: <com.WMS_spiders_wholesale_system.exception.InvalidCustomerDataException> but was: <java.lang.NoSuchMethodException>
	at org.junit.jupiter.api.AssertionFailureBuilder.build(AssertionFailureBuilder.java:151)
	at org.junit.jupiter.api.AssertThrows.assertThrows(AssertThrows.java:67)
	at org.junit.jupiter.api.AssertThrows.assertThrows(AssertThrows.java:35)
	at org.junit.jupiter.api.Assertions.assertThrows(Assertions.java:3128)
	at com.WMS_spiders_wholesale_system.CustomerServiceTest.shouldThrowExceptionForInvalidCustomer(CustomerServiceTest.java:176)
	at java.base/java.lang.reflect.Method.invoke(Method.java:565)
	at java.base/java.util.ArrayList.forEach(ArrayList.java:1604)
	at java.base/java.util.ArrayList.forEach(ArrayList.java:1604)
Caused by: java.lang.NoSuchMethodException: com.WMS_spiders_wholesale_system.service.CustomerService.validateCustomer(com.WMS_spiders_wholesale_system.entity.Customer)
	at java.base/java.lang.Class.getDeclaredMethod(Class.java:2424)
	at com.WMS_spiders_wholesale_system.CustomerServiceTest.lambda$shouldThrowExceptionForInvalidCustomer$0(CustomerServiceTest.java:177)
	at org.junit.jupiter.api.AssertThrows.assertThrows(AssertThrows.java:53)
	... 6 more

