<?xml version="1.0" encoding="UTF-8"?>
<testsuite xmlns:xsi="http://www.w3.org/2001/XMLSchema-instance" xsi:noNamespaceSchemaLocation="https://maven.apache.org/surefire/maven-surefire-plugin/xsd/surefire-test-report.xsd" version="3.0.2" name="com.WMS_spiders_wholesale_system.CoolSpidersApplicationTests" time="2.669" tests="1" errors="0" skipped="0" failures="0">
  <properties>
[...]
</properties>
  <testcase name="contextLoads" classname="com.WMS_spiders_wholesale_system.CoolSpidersApplicationTests" time="0.005">
    <system-out><![CDATA[13:16:16.039 [main] INFO org.springframework.test.context.support.AnnotationConfigContextLoaderUtils -- Could not detect default configuration classes for test class [com.WMS_spiders_wholesale_system.CoolSpidersApplicationTests]: CoolSpidersApplicationTests does not declare any static, non-private, non-final, nested classes annotated with @Configuration.
13:16:16.103 [main] INFO org.springframework.boot.test.context.SpringBootTestContextBootstrapper -- Found @SpringBootConfiguration com.WMS_spiders_wholesale_system.CoolSpidersApplication for test class com.WMS_spiders_wholesale_system.CoolSpidersApplicationTests
13:16:16.186 [main] INFO org.springframework.boot.devtools.restart.RestartApplicationListener -- Restart disabled due to context in which it is running

  .   ____          _            __ _ _
 /\\ / ___'_ __ _ _(_)_ __  __ _ \ \ \ \
( ( )\___ | '_ | '_| | '_ \/ _` | \ \ \ \
 \\/  ___)| |_)| | | | | || (_| |  ) ) ) )
  '  |____| .__|_| |_|_| |_\__, | / / / /
 =========|_|==============|___/=/_/_/_/

 :: Spring Boot ::                (v3.5.4)

]]></system-out>
  </testcase>
</testsuite>