<?xml version="1.0" encoding="UTF-8"?>
<testsuite xmlns:xsi="http://www.w3.org/2001/XMLSchema-instance" xsi:noNamespaceSchemaLocation="https://maven.apache.org/surefire/maven-surefire-plugin/xsd/surefire-test-report.xsd" version="3.0.2" name="com.WMS_spiders_wholesale_system.CustomerServiceTest" time="0.613" tests="12" errors="1" skipped="0" failures="2">
  <properties>
[...]
</properties>
  <testcase name="shouldUpdateCustomerSuccessfully" classname="com.WMS_spiders_wholesale_system.CustomerServiceTest" time="0.573">
    <error message="No value present" type="java.util.NoSuchElementException"><![CDATA[java.util.NoSuchElementException: No value present
	at java.base/java.util.Optional.orElseThrow(Optional.java:377)
	at com.WMS_spiders_wholesale_system.service.CustomerService.updateCustomer(CustomerService.java:43)
	at com.WMS_spiders_wholesale_system.CustomerServiceTest.shouldUpdateCustomerSuccessfully(CustomerServiceTest.java:64)
	at java.base/java.lang.reflect.Method.invoke(Method.java:565)
	at java.base/java.util.ArrayList.forEach(ArrayList.java:1604)
	at java.base/java.util.ArrayList.forEach(ArrayList.java:1604)
]]></error>
    <system-err><![CDATA[Mockito is currently self-attaching to enable the inline-mock-maker. This will no longer work in future releases of the JDK. Please add Mockito as an agent to your build as described in Mockito's documentation: https://javadoc.io/doc/org.mockito/mockito-core/latest/org.mockito/org/mockito/Mockito.html#0.3
WARNING: A Java agent has been loaded dynamically (/Users/kuba/.m2/repository/net/bytebuddy/byte-buddy-agent/1.17.6/byte-buddy-agent-1.17.6.jar)
WARNING: If a serviceability tool is in use, please run with -XX:+EnableDynamicAgentLoading to hide this warning
WARNING: If a serviceability tool is not in use, please run with -Djdk.instrument.traceUsage for more information
WARNING: Dynamic loading of agents will be disallowed by default in a future release
]]></system-err>
  </testcase>
  <testcase name="shouldValidateCorrectCustomer" classname="com.WMS_spiders_wholesale_system.CustomerServiceTest" time="0.005">
    <failure message="Unexpected exception thrown: java.lang.NoSuchMethodException: com.WMS_spiders_wholesale_system.service.CustomerService.validateCustomer(com.WMS_spiders_wholesale_system.entity.Customer)" type="org.opentest4j.AssertionFailedError"><![CDATA[org.opentest4j.AssertionFailedError: Unexpected exception thrown: java.lang.NoSuchMethodException: com.WMS_spiders_wholesale_system.service.CustomerService.validateCustomer(com.WMS_spiders_wholesale_system.entity.Customer)
	at org.junit.jupiter.api.AssertionFailureBuilder.build(AssertionFailureBuilder.java:152)
	at org.junit.jupiter.api.AssertDoesNotThrow.createAssertionFailedError(AssertDoesNotThrow.java:84)
	at org.junit.jupiter.api.AssertDoesNotThrow.assertDoesNotThrow(AssertDoesNotThrow.java:53)
	at org.junit.jupiter.api.AssertDoesNotThrow.assertDoesNotThrow(AssertDoesNotThrow.java:36)
	at org.junit.jupiter.api.Assertions.assertDoesNotThrow(Assertions.java:3199)
	at com.WMS_spiders_wholesale_system.CustomerServiceTest.shouldValidateCorrectCustomer(CustomerServiceTest.java:161)
	at java.base/java.lang.reflect.Method.invoke(Method.java:565)
	at java.base/java.util.ArrayList.forEach(ArrayList.java:1604)
	at java.base/java.util.ArrayList.forEach(ArrayList.java:1604)
Caused by: java.lang.NoSuchMethodException: com.WMS_spiders_wholesale_system.service.CustomerService.validateCustomer(com.WMS_spiders_wholesale_system.entity.Customer)
	at java.base/java.lang.Class.getDeclaredMethod(Class.java:2424)
	at com.WMS_spiders_wholesale_system.CustomerServiceTest.lambda$shouldValidateCorrectCustomer$0(CustomerServiceTest.java:163)
	at org.junit.jupiter.api.AssertDoesNotThrow.assertDoesNotThrow(AssertDoesNotThrow.java:49)
	... 6 more
]]></failure>
  </testcase>
  <testcase name="shouldThrowExceptionWhenUpdatingNonexistentCustomer" classname="com.WMS_spiders_wholesale_system.CustomerServiceTest" time="0.003"/>
  <testcase name="shouldThrowExceptionWhenDeletingNonexistentCustomer" classname="com.WMS_spiders_wholesale_system.CustomerServiceTest" time="0.001"/>
  <testcase name="shouldThrowExceptionWhenNoCustomerWithLastNameFound" classname="com.WMS_spiders_wholesale_system.CustomerServiceTest" time="0.001"/>
  <testcase name="shouldDeleteCustomerSuccessfully" classname="com.WMS_spiders_wholesale_system.CustomerServiceTest" time="0.006">
    <system-out><![CDATA[13:16:15.962 [main] INFO com.WMS_spiders_wholesale_system.service.CustomerService -- Deleted customer with ID: 207eefe7-acd6-476f-9967-bd09441ec34c
]]></system-out>
  </testcase>
  <testcase name="shouldThrowExceptionWhenCustomerNotFoundById" classname="com.WMS_spiders_wholesale_system.CustomerServiceTest" time="0.002"/>
  <testcase name="shouldThrowExceptionWhenCustomerAlreadyExists" classname="com.WMS_spiders_wholesale_system.CustomerServiceTest" time="0.001"/>
  <testcase name="shouldReturnCustomerById" classname="com.WMS_spiders_wholesale_system.CustomerServiceTest" time="0.001"/>
  <testcase name="shouldReturnCustomersByLastName" classname="com.WMS_spiders_wholesale_system.CustomerServiceTest" time="0.001"/>
  <testcase name="shouldAddCustomerSuccessfully" classname="com.WMS_spiders_wholesale_system.CustomerServiceTest" time="0.001">
    <system-out><![CDATA[13:16:15.973 [main] INFO com.WMS_spiders_wholesale_system.service.CustomerService -- Created new customer with ID: null
]]></system-out>
  </testcase>
  <testcase name="shouldThrowExceptionForInvalidCustomer" classname="com.WMS_spiders_wholesale_system.CustomerServiceTest" time="0.002">
    <failure message="Unexpected exception type thrown, expected: &lt;com.WMS_spiders_wholesale_system.exception.InvalidCustomerDataException&gt; but was: &lt;java.lang.NoSuchMethodException&gt;" type="org.opentest4j.AssertionFailedError"><![CDATA[org.opentest4j.AssertionFailedError: Unexpected exception type thrown, expected: <com.WMS_spiders_wholesale_system.exception.InvalidCustomerDataException> but was: <java.lang.NoSuchMethodException>
	at org.junit.jupiter.api.AssertionFailureBuilder.build(AssertionFailureBuilder.java:151)
	at org.junit.jupiter.api.AssertThrows.assertThrows(AssertThrows.java:67)
	at org.junit.jupiter.api.AssertThrows.assertThrows(AssertThrows.java:35)
	at org.junit.jupiter.api.Assertions.assertThrows(Assertions.java:3128)
	at com.WMS_spiders_wholesale_system.CustomerServiceTest.shouldThrowExceptionForInvalidCustomer(CustomerServiceTest.java:176)
	at java.base/java.lang.reflect.Method.invoke(Method.java:565)
	at java.base/java.util.ArrayList.forEach(ArrayList.java:1604)
	at java.base/java.util.ArrayList.forEach(ArrayList.java:1604)
Caused by: java.lang.NoSuchMethodException: com.WMS_spiders_wholesale_system.service.CustomerService.validateCustomer(com.WMS_spiders_wholesale_system.entity.Customer)
	at java.base/java.lang.Class.getDeclaredMethod(Class.java:2424)
	at com.WMS_spiders_wholesale_system.CustomerServiceTest.lambda$shouldThrowExceptionForInvalidCustomer$0(CustomerServiceTest.java:177)
	at org.junit.jupiter.api.AssertThrows.assertThrows(AssertThrows.java:53)
	... 6 more
]]></failure>
  </testcase>
</testsuite>